2024-11-06 07:59:25,467 - INFO - url: https://github.com/zjykfy/yangfeiyue/raw/main/speedtest/txt/Tianjin_liantong.txt 获取成功，判断为m3u格式
2024-11-06 07:59:25,468 - INFO - url: https://github.com/zjykfy/yangfeiyue/raw/main/speedtest/txt/Tianjin_liantong.txt 爬取成功✅，包含频道分类: 央视高清, 卫视频道, 卫视高清
2024-11-06 07:59:25,804 - INFO - url: https://github.com/zjykfy/yangfeiyue/raw/main/speedtest/txt/Zhejiang_dianxin.txt 获取成功，判断为m3u格式
2024-11-06 07:59:25,804 - INFO - url: https://github.com/zjykfy/yangfeiyue/raw/main/speedtest/txt/Zhejiang_dianxin.txt 爬取成功✅，包含频道分类: 卫视高清
2024-11-06 07:59:26,058 - INFO - url: https://github.com/zjykfy/yangfeiyue/raw/main/speedtest/txt/Beijing_liantong.txt 获取成功，判断为m3u格式
2024-11-06 07:59:26,058 - INFO - url: https://github.com/zjykfy/yangfeiyue/raw/main/speedtest/txt/Beijing_liantong.txt 爬取成功✅，包含频道分类: 央视高清, 本地高清, 卫视高清
2024-11-06 07:59:26,315 - INFO - url: https://github.com/zjykfy/yangfeiyue/raw/main/speedtest/txt/Shanghai_dianxin.txt 获取成功，判断为m3u格式
2024-11-06 07:59:26,315 - INFO - url: https://github.com/zjykfy/yangfeiyue/raw/main/speedtest/txt/Shanghai_dianxin.txt 爬取成功✅，包含频道分类: 央视频道, 卫视高清, 数字频道, 央视
2024-11-06 07:59:26,549 - INFO - url: https://github.com/zjykfy/yangfeiyue/raw/main/speedtest/txt/Guangdong_dianxin.txt 获取成功，判断为m3u格式
2024-11-06 07:59:26,549 - INFO - url: https://github.com/zjykfy/yangfeiyue/raw/main/speedtest/txt/Guangdong_dianxin.txt 爬取成功✅，包含频道分类: 卫视高清
2024-11-06 07:59:26,798 - INFO - url: https://github.com/zjykfy/yangfeiyue/raw/main/speedtest/txt/Henan_liantong.txt 获取成功，判断为m3u格式
2024-11-06 07:59:26,799 - INFO - url: https://github.com/zjykfy/yangfeiyue/raw/main/speedtest/txt/Henan_liantong.txt 爬取成功✅，包含频道分类: 卫视高清, 央视高清
2024-11-06 07:59:27,132 - INFO - url: https://github.com/zjykfy/yangfeiyue/raw/main/speedtest/txt/Hebei_liantong.txt 获取成功，判断为m3u格式
2024-11-06 07:59:27,132 - INFO - url: https://github.com/zjykfy/yangfeiyue/raw/main/speedtest/txt/Hebei_liantong.txt 爬取成功✅，包含频道分类: 卫视高清
2024-11-06 07:59:27,402 - INFO - url: https://github.com/zjykfy/yangfeiyue/raw/main/speedtest/txt/Shanxi_liantong.txt 获取成功，判断为m3u格式
2024-11-06 07:59:27,403 - INFO - url: https://github.com/zjykfy/yangfeiyue/raw/main/speedtest/txt/Shanxi_liantong.txt 爬取成功✅，包含频道分类: 卫视高清
2024-11-06 07:59:27,668 - INFO - url: https://github.com/zjykfy/yangfeiyue/raw/main/speedtest/txt/Shaanxi_dianxin.txt 获取成功，判断为m3u格式
2024-11-06 07:59:27,668 - INFO - url: https://github.com/zjykfy/yangfeiyue/raw/main/speedtest/txt/Shaanxi_dianxin.txt 爬取成功✅，包含频道分类: 卫视高清
2024-11-06 07:59:28,017 - INFO - url: https://github.com/zjykfy/yangfeiyue/raw/main/speedtest/txt/Sichuan_yidong.txt 获取成功，判断为m3u格式
2024-11-06 07:59:28,017 - INFO - url: https://github.com/zjykfy/yangfeiyue/raw/main/speedtest/txt/Sichuan_yidong.txt 爬取成功✅，包含频道分类: 本地高清
2024-11-06 07:59:28,268 - INFO - url: https://github.com/zjykfy/yangfeiyue/raw/main/speedtest/txt/Sichuan_dianxin.txt 获取成功，判断为m3u格式
2024-11-06 07:59:28,268 - INFO - url: https://github.com/zjykfy/yangfeiyue/raw/main/speedtest/txt/Sichuan_dianxin.txt 爬取成功✅，包含频道分类: 本地高清, 卫视高清, 电影, 影院高清
2024-11-06 07:59:28,542 - INFO - url: https://github.com/zjykfy/yangfeiyue/raw/main/speedtest/txt/Jiangsu_dianxin.txt 获取成功，判断为m3u格式
2024-11-06 07:59:28,542 - INFO - url: https://github.com/zjykfy/yangfeiyue/raw/main/speedtest/txt/Jiangsu_dianxin.txt 爬取成功✅，包含频道分类: 卫视高清
2024-11-06 07:59:28,819 - INFO - url: https://github.com/zjykfy/yangfeiyue/raw/main/speedtest/txt/Anhui_dianxin.txt 获取成功，判断为m3u格式
2024-11-06 07:59:28,820 - INFO - url: https://github.com/zjykfy/yangfeiyue/raw/main/speedtest/txt/Anhui_dianxin.txt 爬取成功✅，包含频道分类: 卫视高清
2024-11-06 07:59:29,147 - INFO - url: https://github.com/zjykfy/yangfeiyue/raw/main/speedtest/txt/Hubei_dianxin.txt 获取成功，判断为m3u格式
2024-11-06 07:59:29,147 - INFO - url: https://github.com/zjykfy/yangfeiyue/raw/main/speedtest/txt/Hubei_dianxin.txt 爬取成功✅，包含频道分类: 卫视高清
2024-11-06 07:59:29,409 - INFO - url: https://github.com/zjykfy/yangfeiyue/raw/main/speedtest/txt/Chongqing_liantong.txt 获取成功，判断为m3u格式
2024-11-06 07:59:29,409 - INFO - url: https://github.com/zjykfy/yangfeiyue/raw/main/speedtest/txt/Chongqing_liantong.txt 爬取成功✅，包含频道分类: 卫视高清
2024-11-06 07:59:29,654 - INFO - url: https://github.com/zjykfy/yangfeiyue/raw/main/speedtest/txt/Hunan_dianxin.txt 获取成功，判断为m3u格式
2024-11-06 07:59:29,654 - INFO - url: https://github.com/zjykfy/yangfeiyue/raw/main/speedtest/txt/Hunan_dianxin.txt 爬取成功✅，包含频道分类: 卫视高清
2024-11-06 07:59:29,889 - INFO - url: https://github.com/zjykfy/yangfeiyue/raw/main/speedtest/txt/Guangdian.txt 获取成功，判断为m3u格式
2024-11-06 07:59:29,889 - INFO - url: https://github.com/zjykfy/yangfeiyue/raw/main/speedtest/txt/Guangdian.txt 爬取成功✅，包含频道分类: 卫视高清
2024-11-06 07:59:30,127 - INFO - url: https://github.com/zjykfy/yangfeiyue/raw/main/speedtest/txt/Jiangxi_dianxin.txt 获取成功，判断为m3u格式
2024-11-06 07:59:30,127 - INFO - url: https://github.com/zjykfy/yangfeiyue/raw/main/speedtest/txt/Jiangxi_dianxin.txt 爬取成功✅，包含频道分类: 卫视高清
2024-11-06 07:59:30,448 - INFO - url: https://github.com/zjykfy/yangfeiyue/raw/main/speedtest/txt/Yuenan_FPT.txt 获取成功，判断为m3u格式
2024-11-06 07:59:30,448 - INFO - url: https://github.com/zjykfy/yangfeiyue/raw/main/speedtest/txt/Yuenan_FPT.txt 爬取成功✅，包含频道分类: 卫视频道, 港澳台
2024-11-06 07:59:30,861 - INFO - url: https://github.com/zjykfy/fo/raw/refs/heads/fei/GAT.m3u 获取成功，判断为txt格式
2024-11-06 07:59:30,862 - INFO - url: https://github.com/zjykfy/fo/raw/refs/heads/fei/GAT.m3u 爬取成功✅，包含频道分类: 港澳台
2024-11-06 07:59:31,133 - INFO - url: https://github.com/zjykfy/fo/raw/refs/heads/fei/NEWTV.m3u 获取成功，判断为txt格式
2024-11-06 07:59:31,133 - INFO - url: https://github.com/zjykfy/fo/raw/refs/heads/fei/NEWTV.m3u 爬取成功✅，包含频道分类: NEWTV
